<?xml version="1.0" encoding="UTF-8"?>
<!-- Generated by org.testng.reporters.JUnitReportReporter -->
<testsuite hostname="raghu-PC" name="testScript.Testclasslogin" tests="1" failures="0" timestamp="1 Nov 2018 07:28:32 GMT" time="39.541" errors="0">
  <testcase name="runloginpage" time="39.541" classname="testScript.Testclasslogin"/>
</testsuite> <!-- testScript.Testclasslogin -->
